<?xml version="1.0" encoding="UTF-8"?>
<testng-results ignored="0" total="1" passed="1" failed="0" skipped="0">
  <reporter-output>
  </reporter-output>
  <suite started-at="2021-06-06T13:15:21 IST" name="Default suite" finished-at="2021-06-06T13:16:03 IST" duration-ms="41996">
    <groups>
    </groups>
    <test started-at="2021-06-06T13:15:21 IST" name="Default test" finished-at="2021-06-06T13:16:03 IST" duration-ms="41996">
      <class name="seleniumpractise.TrailSelenium">
        <test-method signature="initiateBrowser()[pri:0, instance:seleniumpractise.TrailSelenium@6a2b953e]" started-at="2021-06-06T13:15:22 IST" name="initiateBrowser" finished-at="2021-06-06T13:16:03 IST" duration-ms="41901" status="PASS">
          <reporter-output>
          </reporter-output>
        </test-method> <!-- initiateBrowser -->
      </class> <!-- seleniumpractise.TrailSelenium -->
    </test> <!-- Default test -->
  </suite> <!-- Default suite -->
</testng-results>
